<?xml version="1.0" encoding="UTF-8"?>
<TestRun id="323ec0d8-8258-4edb-b26e-206d65046353" name="Student@10266A-GEN-DEV 2022-06-28 06:48:56" runUser="10266A-GEN-DEV\Student" xmlns="http://microsoft.com/schemas/VisualStudio/TeamTest/2010">
  <TestSettings name="Local" id="74b95c71-ed40-4727-8b89-936192d2c9ea">
    <Description>These are default test settings for a local test run.</Description>
    <Deployment enabled="false" runDeploymentRoot="Student_10266A-GEN-DEV 2022-06-28 06_48_56">
      <DeploymentItem filename="E:\Labfiles\Lab 3\Ex1\Starter\GreatestCommonDivisor\bin\Debug\Module3.exe" />
    </Deployment>
    <Execution>
      <TestTypeSpecific />
      <AgentRule name="Execution Agents">
      </AgentRule>
    </Execution>
  </TestSettings>
  <Times creation="2022-06-28T06:48:56.5841718-07:00" queuing="2022-06-28T06:48:56.8663984-07:00" start="2022-06-28T06:48:56.8869062-07:00" finish="2022-06-28T06:48:57.0206952-07:00" />
  <ResultSummary outcome="Completed">
    <Counters total="1" executed="1" passed="1" error="0" failed="0" timeout="0" aborted="0" inconclusive="0" passedButRunAborted="0" notRunnable="0" notExecuted="0" disconnected="0" warning="0" completed="0" inProgress="0" pending="0" />
  </ResultSummary>
  <TestDefinitions>
    <UnitTest name="FindGCDEuclidTest" storage="e:\labfiles\lab 3\ex1\starter\gcdtestproject\bin\debug\gcdtestproject.dll" id="70bffd98-0939-0e5b-8d1c-9fb0d5a73b23">
      <Execution id="c6d83aa0-78dd-41b4-8403-198c98841c2e" />
      <TestMethod codeBase="E:/Labfiles/Lab 3/Ex1/Starter/GCDTestProject/bin/Debug/GCDTestProject.DLL" adapterTypeName="Microsoft.VisualStudio.TestTools.TestTypes.Unit.UnitTestAdapter, Microsoft.VisualStudio.QualityTools.Tips.UnitTest.Adapter, Version=10.0.0.0, Culture=neutral, PublicKeyToken=b03f5f7f11d50a3a" className="GCDTestProject.UnitTest1, GCDTestProject, Version=1.0.0.0, Culture=neutral, PublicKeyToken=null" name="FindGCDEuclidTest" />
    </UnitTest>
  </TestDefinitions>
  <TestLists>
    <TestList name="Results Not in a List" id="8c84fa94-04c1-424b-9868-57a2d4851a1d" />
    <TestList name="All Loaded Results" id="19431567-8539-422a-85d7-44ee4e166bda" />
  </TestLists>
  <TestEntries>
    <TestEntry testId="70bffd98-0939-0e5b-8d1c-9fb0d5a73b23" executionId="c6d83aa0-78dd-41b4-8403-198c98841c2e" testListId="8c84fa94-04c1-424b-9868-57a2d4851a1d" />
  </TestEntries>
  <Results>
    <UnitTestResult executionId="c6d83aa0-78dd-41b4-8403-198c98841c2e" testId="70bffd98-0939-0e5b-8d1c-9fb0d5a73b23" testName="FindGCDEuclidTest" computerName="10266A-GEN-DEV" duration="00:00:00.0089496" startTime="2022-06-28T06:48:56.8976484-07:00" endTime="2022-06-28T06:48:57.0109296-07:00" testType="13cdc9d9-ddb5-4fa4-a97d-d965ccfc6d4b" outcome="Passed" testListId="8c84fa94-04c1-424b-9868-57a2d4851a1d" relativeResultsDirectory="c6d83aa0-78dd-41b4-8403-198c98841c2e">
    </UnitTestResult>
  </Results>
</TestRun>